[INFO] Scanning for projects...
[INFO] 
[INFO] -----------------------< com.bloodbank:backend >------------------------
[INFO] Building Blood Bank Backend 1.0.0
[INFO]   from pom.xml
[INFO] --------------------------------[ jar ]---------------------------------
Downloading from central: https://repo.maven.apache.org/maven2/org/apache/maven/plugins/maven-clean-plugin/3.3.2/maven-clean-plugin-3.3.2.pom
Progress (1): 778 BProgress (1): 1.7 kBProgress (1): 4.4 kBProgress (1): 5.3 kB                    Downloaded from central: https://repo.maven.apache.org/maven2/org/apache/maven/plugins/maven-clean-plugin/3.3.2/maven-clean-plugin-3.3.2.pom (5.3 kB at 6.4 kB/s)
Downloading from central: https://repo.maven.apache.org/maven2/org/apache/maven/plugins/maven-plugins/40/maven-plugins-40.pom
Progress (1): 769 BProgress (1): 1.8 kBProgress (1): 4.2 kBProgress (1): 6.7 kBProgress (1): 8.1 kB                    Downloaded from central: https://repo.maven.apache.org/maven2/org/apache/maven/plugins/maven-plugins/40/maven-plugins-40.pom (8.1 kB at 35 kB/s)
Downloading from central: https://repo.maven.apache.org/maven2/org/apache/maven/maven-parent/40/maven-parent-40.pom
Progress (1): 727 BProgress (1): 1.9 kBProgress (1): 3.9 kBProgress (1): 8.3 kBProgress (1): 13 kB Progress (1): 16 kBProgress (1): 21 kBProgress (1): 25 kBProgress (1): 27 kBProgress (1): 28 kBProgress (1): 31 kBProgress (1): 33 kBProgress (1): 36 kBProgress (1): 39 kBProgress (1): 42 kBProgress (1): 43 kBProgress (1): 49 kB                   Downloaded from central: https://repo.maven.apache.org/maven2/org/apache/maven/maven-parent/40/maven-parent-40.pom (49 kB at 251 kB/s)
Downloading from central: https://repo.maven.apache.org/maven2/org/apache/maven/plugins/maven-clean-plugin/3.3.2/maven-clean-plugin-3.3.2.jar
Progress (1): 0.9/36 kBProgress (1): 2.3/36 kBProgress (1): 3.6/36 kBProgress (1): 5.0/36 kBProgress (1): 6.4/36 kBProgress (1): 7.7/36 kBProgress (1): 9.1/36 kBProgress (1): 10/36 kB Progress (1): 12/36 kBProgress (1): 13/36 kBProgress (1): 15/36 kBProgress (1): 16/36 kBProgress (1): 17/36 kBProgress (1): 19/36 kBProgress (1): 20/36 kBProgress (1): 21/36 kBProgress (1): 23/36 kBProgress (1): 24/36 kBProgress (1): 25/36 kBProgress (1): 26/36 kBProgress (1): 27/36 kBProgress (1): 29/36 kBProgress (1): 30/36 kBProgress (1): 31/36 kBProgress (1): 33/36 kBProgress (1): 36 kB                      Downloaded from central: https://repo.maven.apache.org/maven2/org/apache/maven/plugins/maven-clean-plugin/3.3.2/maven-clean-plugin-3.3.2.jar (36 kB at 252 kB/s)
[INFO] 
[INFO] --- clean:3.3.2:clean (default-clean) @ backend ---
Downloading from central: https://repo.maven.apache.org/maven2/org/codehaus/plexus/plexus-utils/4.0.0/plexus-utils-4.0.0.pom
Progress (1): 721 BProgress (1): 2.3 kBProgress (1): 4.5 kBProgress (1): 8.7 kB                    Downloaded from central: https://repo.maven.apache.org/maven2/org/codehaus/plexus/plexus-utils/4.0.0/plexus-utils-4.0.0.pom (8.7 kB at 42 kB/s)
Downloading from central: https://repo.maven.apache.org/maven2/org/codehaus/plexus/plexus/13/plexus-13.pom
Progress (1): 693 BProgress (1): 2.5 kBProgress (1): 6.4 kBProgress (1): 8.9 kBProgress (1): 11 kB Progress (1): 14 kBProgress (1): 18 kBProgress (1): 21 kBProgress (1): 23 kBProgress (1): 26 kBProgress (1): 27 kB                   Downloaded from central: https://repo.maven.apache.org/maven2/org/codehaus/plexus/plexus/13/plexus-13.pom (27 kB at 135 kB/s)
Downloading from central: https://repo.maven.apache.org/maven2/org/codehaus/plexus/plexus-utils/4.0.0/plexus-utils-4.0.0.jar
Progress (1): 3.8/192 kBProgress (1): 8.0/192 kBProgress (1): 12/192 kB Progress (1): 16/192 kBProgress (1): 20/192 kBProgress (1): 25/192 kBProgress (1): 29/192 kBProgress (1): 33/192 kBProgress (1): 37/192 kBProgress (1): 41/192 kBProgress (1): 46/192 kBProgress (1): 50/192 kBProgress (1): 54/192 kBProgress (1): 58/192 kBProgress (1): 63/192 kBProgress (1): 67/192 kBProgress (1): 71/192 kBProgress (1): 75/192 kBProgress (1): 80/192 kBProgress (1): 84/192 kBProgress (1): 88/192 kBProgress (1): 92/192 kBProgress (1): 96/192 kBProgress (1): 101/192 kBProgress (1): 105/192 kBProgress (1): 109/192 kBProgress (1): 113/192 kBProgress (1): 118/192 kBProgress (1): 122/192 kBProgress (1): 126/192 kBProgress (1): 130/192 kBProgress (1): 147/192 kBProgress (1): 151/192 kBProgress (1): 168/192 kBProgress (1): 184/192 kBProgress (1): 192 kB                        Downloaded from central: https://repo.maven.apache.org/maven2/org/codehaus/plexus/plexus-utils/4.0.0/plexus-utils-4.0.0.jar (192 kB at 448 kB/s)
[INFO] Deleting D:\blood bank project\backend\target
[INFO] 
[INFO] --- resources:3.3.1:resources (default-resources) @ backend ---
[INFO] Copying 1 resource from src\main\resources to target\classes
[INFO] Copying 0 resource from src\main\resources to target\classes
[INFO] 
[INFO] --- compiler:3.11.0:compile (default-compile) @ backend ---
[INFO] Changes detected - recompiling the module! :source
[INFO] Compiling 29 source files with javac [debug release 17] to target\classes
[INFO] ------------------------------------------------------------------------
[INFO] BUILD FAILURE
[INFO] ------------------------------------------------------------------------
[INFO] Total time:  8.434 s
[INFO] Finished at: 2025-12-13T12:23:39+05:30
[INFO] ------------------------------------------------------------------------
[ERROR] Failed to execute goal org.apache.maven.plugins:maven-compiler-plugin:3.11.0:compile (default-compile) on project backend: Fatal error compiling: java.lang.ExceptionInInitializerError: com.sun.tools.javac.code.TypeTag :: UNKNOWN -> [Help 1]
[ERROR] 
[ERROR] To see the full stack trace of the errors, re-run Maven with the -e switch.
[ERROR] Re-run Maven using the -X switch to enable full debug logging.
[ERROR] 
[ERROR] For more information about the errors and possible solutions, please read the following articles:
[ERROR] [Help 1] http://cwiki.apache.org/confluence/display/MAVEN/MojoExecutionException
